<?xml version="1.0" encoding="UTF-8"?>
<testsuite xmlns:xsi="http://www.w3.org/2001/XMLSchema-instance" xsi:noNamespaceSchemaLocation="https://maven.apache.org/surefire/maven-surefire-plugin/xsd/surefire-test-report-3.0.xsd" version="3.0" name="HashDictionaryTest" time="0.025" tests="10" errors="0" skipped="0" failures="0">
  <properties>
[...]
</properties>
  <testcase name="testPutAndGetSimple" classname="HashDictionaryTest" time="0.001"/>
  <testcase name="testGetKeyNotFound" classname="HashDictionaryTest" time="0.001"/>
  <testcase name="testRemoveKeyNotFound" classname="HashDictionaryTest" time="0.003"/>
  <testcase name="testGetFromEmptyDictionary" classname="HashDictionaryTest" time="0.001"/>
  <testcase name="testPutNullValue" classname="HashDictionaryTest" time="0.001"/>
  <testcase name="testSizeIncrementsCorrectly" classname="HashDictionaryTest" time="0.001"/>
  <testcase name="testRemoveSuccess" classname="HashDictionaryTest" time="0.0"/>
  <testcase name="testEntrySetDoesNotCrash" classname="HashDictionaryTest" time="0.008">
    <system-out><![CDATA[A -> uno
B -> dos
]]></system-out>
  </testcase>
  <testcase name="testPutOverridesValue" classname="HashDictionaryTest" time="0.001"/>
  <testcase name="testPutNullKey" classname="HashDictionaryTest" time="0.001"/>
</testsuite>